Uninstallation process started on 24/10/2025 at 15:55:40,33 
-------------------------------------------------------------------- 
Prompting user for custom distribution name... 
Using distribution name: FEniCSxenv 
Uninstallation process started on 24/10/2025 at 15:56:01,15 
-------------------------------------------------------------------- 
Prompting user for custom distribution name... 
Using distribution name: FEniCSxenv 
Uninstallation process started on 24/10/2025 at 15:56:12,60 
-------------------------------------------------------------------- 
Prompting user for custom distribution name... 
Using distribution name: FEniCSxenv 
Uninstallation process started on 24/10/2025 at 15:57:01,73 
-------------------------------------------------------------------- 
Prompting user for custom distribution name... 
Using distribution name: FEniCSxenv 
Uninstallation process started on 24/10/2025 at 15:58:15,33 
-------------------------------------------------------------------- 
Prompting user for custom distribution name... 
Using distribution name: FEniCSxenv 
Uninstallation aborted by user. No changes were made to FEniCSxenv. 
Uninstallation process started on 24/10/2025 at 16:02:22,52 
-------------------------------------------------------------------- 
Prompting user for custom distribution name... 
Using distribution name: FEniCSxenv 
Uninstallation aborted by user. No changes were made to FEniCSxenv. 
Uninstallation process started on 24/10/2025 at 16:02:34,77 
-------------------------------------------------------------------- 
Prompting user for custom distribution name... 
Using distribution name: FEniCSxenv 
Uninstallation process started on 24/10/2025 at 16:02:52,46 
-------------------------------------------------------------------- 
Prompting user for custom distribution name... 
Using distribution name: FEniCSxenv 
Confirmed by user. Proceeding with unregistration... 
FEniCSxenv unregistered successfully. 
